{
  "stats": {
    "suites": 1,
    "tests": 2,
    "passes": 2,
    "pending": 0,
    "failures": 0,
    "start": "2025-07-13T15:45:23.267Z",
    "end": "2025-07-13T15:45:28.945Z",
    "duration": 5678,
    "testsRegistered": 2,
    "passPercent": 100,
    "pendingPercent": 0,
    "other": 0,
    "hasOther": false,
    "skipped": 0,
    "hasSkipped": false
  },
  "results": [
    {
      "uuid": "1ce1a08e-28d5-4e78-9e9b-a1d647e29eef",
      "title": "",
      "fullFile": "cypress/e2e/task1.cy.js",
      "file": "cypress/e2e/task1.cy.js",
      "beforeHooks": [],
      "afterHooks": [],
      "tests": [],
      "suites": [
        {
          "uuid": "84afd06a-a71a-4bf2-98f1-927137dd0313",
          "title": "Header Buttons Visibility",
          "fullFile": "",
          "file": "",
          "beforeHooks": [],
          "afterHooks": [],
          "tests": [
            {
              "title": "Check header buttons",
              "fullTitle": "Header Buttons Visibility Check header buttons",
              "timedOut": null,
              "duration": 1782,
              "state": "passed",
              "speed": "fast",
              "pass": true,
              "fail": false,
              "pending": false,
              "context": null,
              "code": "cy.get('.btn-primary').as('btnPrimary');\ncy.get('@btnPrimary').should('be.visible');\ncy.get('@btnPrimary').should('be.enabled');\ncy.get('@btnPrimary').contains('Sign up');\ncy.get('.header_logo').as('headerLogo');\ncy.get('@headerLogo').should('be.visible');\ncy.get('.header_nav a').as('headerNavA');\ncy.get('@headerNavA').should('be.visible');\ncy.get('@headerNavA').contains('Home');\ncy.get('[appscrollto=\"aboutSection\"]').as('aboutSection');\ncy.get('@aboutSection').should('be.visible');\ncy.get('@aboutSection').should('be.enabled');\ncy.get('@aboutSection').contains('About');\ncy.get('[appscrollto=\"contactsSection\"]').as('contactsSection');\ncy.get('@contactsSection').should('be.visible');\ncy.get('@contactsSection').should('be.enabled');\ncy.get('@contactsSection').contains('Contacts');\ncy.get('[class=\"header-link -guest\"]').as('guestLoginIn');\ncy.get('@guestLoginIn').should('be.visible');\ncy.get('@guestLoginIn').should('be.enabled');\ncy.get('@guestLoginIn').contains('Guest log in');\ncy.get('[class=\"btn btn-outline-white header_signin\"]').as('signIn');\ncy.get('@signIn').should('be.visible');\ncy.get('@signIn').should('be.enabled');\ncy.get('@signIn').contains('Sign In');",
              "err": {},
              "uuid": "5aca0269-3c7a-4520-aefe-412c98b403f5",
              "parentUUID": "84afd06a-a71a-4bf2-98f1-927137dd0313",
              "isHook": false,
              "skipped": false
            },
            {
              "title": "Check footer buttons",
              "fullTitle": "Header Buttons Visibility Check footer buttons",
              "timedOut": null,
              "duration": 1122,
              "state": "passed",
              "speed": "fast",
              "pass": true,
              "fail": false,
              "pending": false,
              "context": null,
              "code": "cy.get('.display-4').as('footerLogo');\ncy.get('@footerLogo').should('be.visible');\ncy.get('@footerLogo').should('not.be.disabled');\ncy.get('@footerLogo').contains('ithillel.ua');\ncy.get('[href=\"https://www.facebook.com/Hillel.IT.School\"]').as('facebookIcon');\ncy.get('@facebookIcon').should('be.visible');\ncy.get('@facebookIcon').should('not.be.disabled');\ncy.get('[href=\"https://t.me/ithillel_kyiv\"]').as('telegramIcon');\ncy.get('@telegramIcon').should('be.visible');\ncy.get('@telegramIcon').should('not.be.disabled');\ncy.get('[class=\"socials_icon icon icon-youtube\"]').as('youtubeIcon');\ncy.get('@youtubeIcon').should('be.visible');\ncy.get('@youtubeIcon').should('not.be.disabled');\ncy.get('[class=\"socials_icon icon icon-instagram\"]').as('instagramIcon');\ncy.get('@instagramIcon').should('be.visible');\ncy.get('@instagramIcon').should('not.be.disabled');\ncy.get('[class=\"socials_icon icon icon-linkedin\"]').as('linkedIn');\ncy.get('@linkedIn').should('be.visible');\ncy.get('@linkedIn').should('not.be.disabled');\ncy.get('[href=\"mailto:developer@ithillel.ua\"]').as('support');\ncy.get('@support').should('be.visible');\ncy.get('@support').should('not.be.disabled');\ncy.get('@support').contains('support@ithillel.ua');",
              "err": {},
              "uuid": "9fdeefcb-b361-4993-9079-12762a351882",
              "parentUUID": "84afd06a-a71a-4bf2-98f1-927137dd0313",
              "isHook": false,
              "skipped": false
            }
          ],
          "suites": [],
          "passes": [
            "5aca0269-3c7a-4520-aefe-412c98b403f5",
            "9fdeefcb-b361-4993-9079-12762a351882"
          ],
          "failures": [],
          "pending": [],
          "skipped": [],
          "duration": 2904,
          "root": false,
          "rootEmpty": false,
          "_timeout": 2000
        }
      ],
      "passes": [],
      "failures": [],
      "pending": [],
      "skipped": [],
      "duration": 0,
      "root": true,
      "rootEmpty": true,
      "_timeout": 2000
    }
  ],
  "meta": {
    "mocha": {
      "version": "7.2.0"
    },
    "mochawesome": {
      "options": {
        "quiet": false,
        "reportFilename": "mochawesome",
        "saveHtml": false,
        "saveJson": true,
        "consoleReporter": "spec",
        "useInlineDiffs": false,
        "code": true
      },
      "version": "7.1.3"
    },
    "marge": {
      "options": {
        "overwrite": false,
        "html": false,
        "json": true
      },
      "version": "6.2.0"
    }
  }
}