{
  "stats": {
    "suites": 1,
    "tests": 1,
    "passes": 0,
    "pending": 0,
    "failures": 1,
    "start": "2025-07-13T15:45:00.806Z",
    "end": "2025-07-13T15:45:02.152Z",
    "duration": 1346,
    "testsRegistered": 1,
    "passPercent": 0,
    "pendingPercent": 0,
    "other": 0,
    "hasOther": false,
    "skipped": 0,
    "hasSkipped": false
  },
  "results": [
    {
      "uuid": "c3edb042-b9b5-4b39-b0e5-c7617703812b",
      "title": "",
      "fullFile": "cypress/e2e/hw3.cy.js",
      "file": "cypress/e2e/hw3.cy.js",
      "beforeHooks": [],
      "afterHooks": [],
      "tests": [],
      "suites": [
        {
          "uuid": "b66f9b7d-c093-42bf-b50c-2f4c18a8a5b0",
          "title": "Create cars entity",
          "fullFile": "",
          "file": "",
          "beforeHooks": [],
          "afterHooks": [],
          "tests": [
            {
              "title": "Add car",
              "fullTitle": "Create cars entity Add car",
              "timedOut": null,
              "duration": 1294,
              "state": "failed",
              "speed": null,
              "pass": false,
              "fail": true,
              "pending": false,
              "context": null,
              "code": "cy.get('.sidebar').should('be.visible');\ncy.contains('button', 'Add car').should('be.visible').click();\ncy.get('#addCarBrand').select('BMW');\ncy.get('#addCarModel').select('5');\ncy.get('#addCarMileage').type('12412');\ncy.get('.modal-footer .btn-primary').should('be.visible').click();\ncy.get('.car-body').should('be.visible');\ncy.contains('Fuel expenses').should('be.visible').click();\ncy.get('[class=\"btn btn-primary\"]').should('be.visible').click();\ncy.get('#addExpenseMileage').clear().type('12600');\ncy.get('#addExpenseLiters').type('1200');\ncy.get('[class=\"form-control ng-untouched ng-pristine ng-invalid\"]').type('686');\ncy.get('.modal-footer .btn-primary').should('be.visible').click();\ncy.get('.expenses_table').should('be.visible');\ncy.get('[routerlink=\"garage\"]').should('be.visible').click();\ncy.get('[class=\"car_edit btn btn-edit\"]').should('be.visible').click();\ncy.get('[class=\"btn btn-outline-danger\"]').should('be.visible').click();\ncy.get('[class=\"btn btn-danger\"]').should('be.visible').click();\ncy.get('.panel-empty_message').should('be.visible');",
              "err": {
                "message": "CypressError: `cy.visit()` must be called with a `url` or an `options` object containing a `url` as its 1st argument\n\nhttps://on.cypress.io/visit\n\nBecause this error occurred during a `before each` hook we are skipping the remaining tests in the current suite: `Create cars entity`",
                "estack": "CypressError: `cy.visit()` must be called with a `url` or an `options` object containing a `url` as its 1st argument\n\nhttps://on.cypress.io/visit\n\nBecause this error occurred during a `before each` hook we are skipping the remaining tests in the current suite: `Create cars entity`\n    at Context.visit (http://localhost:61634/__cypress/runner/cypress_runner.js:134672:70)\n    at wrapped (http://localhost:61634/__cypress/runner/cypress_runner.js:141516:43)\nFrom Your Spec Code:\n    at Context.eval (webpack:///./cypress/e2e/hw3.cy.js:5:7)",
                "diff": null
              },
              "uuid": "5be295cd-38fb-4314-9a95-e30352bb3859",
              "parentUUID": "b66f9b7d-c093-42bf-b50c-2f4c18a8a5b0",
              "isHook": false,
              "skipped": false
            }
          ],
          "suites": [],
          "passes": [],
          "failures": [
            "5be295cd-38fb-4314-9a95-e30352bb3859"
          ],
          "pending": [],
          "skipped": [],
          "duration": 1294,
          "root": false,
          "rootEmpty": false,
          "_timeout": 2000
        }
      ],
      "passes": [],
      "failures": [],
      "pending": [],
      "skipped": [],
      "duration": 0,
      "root": true,
      "rootEmpty": true,
      "_timeout": 2000
    }
  ],
  "meta": {
    "mocha": {
      "version": "7.2.0"
    },
    "mochawesome": {
      "options": {
        "quiet": false,
        "reportFilename": "mochawesome",
        "saveHtml": false,
        "saveJson": true,
        "consoleReporter": "spec",
        "useInlineDiffs": false,
        "code": true
      },
      "version": "7.1.3"
    },
    "marge": {
      "options": {
        "overwrite": false,
        "html": false,
        "json": true
      },
      "version": "6.2.0"
    }
  }
}