{
  "stats": {
    "suites": 1,
    "tests": 8,
    "passes": 8,
    "pending": 0,
    "failures": 0,
    "start": "2025-07-13T15:45:45.816Z",
    "end": "2025-07-13T15:46:06.572Z",
    "duration": 20756,
    "testsRegistered": 8,
    "passPercent": 100,
    "pendingPercent": 0,
    "other": 0,
    "hasOther": false,
    "skipped": 0,
    "hasSkipped": false
  },
  "results": [
    {
      "uuid": "a8fd94b4-6c27-41d5-a3b2-34455a24bcae",
      "title": "",
      "fullFile": "cypress/e2e/hw2.cy.js",
      "file": "cypress/e2e/hw2.cy.js",
      "beforeHooks": [],
      "afterHooks": [],
      "tests": [],
      "suites": [
        {
          "uuid": "856dccb1-a742-40da-b156-f01f23ff93d4",
          "title": "Header Buttons Visibility",
          "fullFile": "",
          "file": "",
          "beforeHooks": [],
          "afterHooks": [],
          "tests": [
            {
              "title": "Verify field Name",
              "fullTitle": "Header Buttons Visibility Verify field Name",
              "timedOut": null,
              "duration": 3772,
              "state": "passed",
              "speed": "fast",
              "pass": true,
              "fail": false,
              "pending": false,
              "context": null,
              "code": "cy.get('.btn-primary').should('be.visible').click();\ncy.get('#signupName').as('singName');\n// Empty field - \"Name is required\"\ncy.get('@singName').should('be.empty').click();\ncy.get('.modal-content .modal-footer').should('be.visible').click();\n// Check that border is red\ncy.get('@singName').should('have.css', 'border-color', 'rgb(220, 53, 69)');\ncy.get('.invalid-feedback').as('invalidFeedback');\ncy.get('@invalidFeedback').should('have.text', 'Name required');\n// Wrong data - \"Name is invalid\"\ncy.get('@singName').type('Помилкові дані');\ncy.get('@invalidFeedback').should('have.text', 'Name is invalid');\ncy.get('@singName').clear();\ncy.get('@singName').type('13124!!#)%#');\ncy.get('@invalidFeedback').should('have.text', 'Name is invalid');\ncy.get('@singName').clear();\ncy.get('@singName').type('A');\n// Wrong length - \"Name has to be from 2 to 20 characters long\"\ncy.get('@invalidFeedback').should('have.text', 'Name has to be from 2 to 20 characters long');\ncy.get('@singName').clear();\ncy.get('@singName').type('aaaaaaaaaaaaaaaaaaaaa');\ncy.get('@invalidFeedback').should('have.text', 'Name has to be from 2 to 20 characters long');",
              "err": {},
              "uuid": "0b4141bd-80ee-4775-a204-05bae25a2bc0",
              "parentUUID": "856dccb1-a742-40da-b156-f01f23ff93d4",
              "isHook": false,
              "skipped": false
            },
            {
              "title": "Verify field LastName",
              "fullTitle": "Header Buttons Visibility Verify field LastName",
              "timedOut": null,
              "duration": 2668,
              "state": "passed",
              "speed": "fast",
              "pass": true,
              "fail": false,
              "pending": false,
              "context": null,
              "code": "cy.get('.btn-primary').should('be.visible').click();\ncy.get('#signupLastName').as('lastName');\n// Empty field - \"Last name is required\"\ncy.get('@lastName').should('be.empty').click();\ncy.get('.modal-content .modal-footer').should('be.visible').click();\n// Check that border is red\ncy.get('@lastName').should('have.css', 'border-color', 'rgb(220, 53, 69)');\ncy.get('.invalid-feedback').as('invalidFeedback');\ncy.get('@invalidFeedback').should('have.text', 'Last name required');\n// Wrong data - \"Last name is invalid\"\ncy.get('@lastName').type('Тест');\ncy.get('@invalidFeedback').should('have.text', 'Last name is invalid');\ncy.get('@lastName').clear();\ncy.get('@lastName').type('167!#($#@!');\ncy.get('@invalidFeedback').should('have.text', 'Last name is invalid');\ncy.get('@lastName').clear();\ncy.get('@lastName').type('B');\n// Wrong length - \"Last name has to be from 2 to 20 characters long\"\ncy.get('@invalidFeedback').should('have.text', 'Last name has to be from 2 to 20 characters long');\ncy.get('@lastName').clear();\ncy.get('@lastName').type('testtesttesttesttesttesttest');\ncy.get('@invalidFeedback').should('have.text', 'Last name has to be from 2 to 20 characters long');",
              "err": {},
              "uuid": "b34e9022-5f93-4fd7-90c1-2dd7905f8454",
              "parentUUID": "856dccb1-a742-40da-b156-f01f23ff93d4",
              "isHook": false,
              "skipped": false
            },
            {
              "title": "Verify field Email",
              "fullTitle": "Header Buttons Visibility Verify field Email",
              "timedOut": null,
              "duration": 1909,
              "state": "passed",
              "speed": "fast",
              "pass": true,
              "fail": false,
              "pending": false,
              "context": null,
              "code": "cy.get('.btn-primary').should('be.visible').click();\ncy.get('#signupEmail').as('singEmail');\n// For empty field - \"Email required\"\ncy.get('@singEmail').should('be.empty').click();\ncy.get('.modal-content .modal-footer').should('be.visible').click();\n// Check that border is red\ncy.get('@singEmail').should('have.css', 'border-color', 'rgb(220, 53, 69)');\ncy.get('.invalid-feedback').as('invalidFeedback');\ncy.get('@invalidFeedback').should('have.text', 'Email required');\n// Wrong data - \"Email is incorrect\"\ncy.get('@singEmail').type('Тест пошти');\ncy.get('@invalidFeedback').should('have.text', 'Email is incorrect');\ncy.get('@singEmail').clear();\ncy.get('@singEmail').type('afwa214214@!$');\ncy.get('@invalidFeedback').should('have.text', 'Email is incorrect');\ncy.get('@singEmail').clear();\ncy.get('@singEmail').type('C');",
              "err": {},
              "uuid": "fdc17028-ad8e-489f-b744-c5fe2cd42bdb",
              "parentUUID": "856dccb1-a742-40da-b156-f01f23ff93d4",
              "isHook": false,
              "skipped": false
            },
            {
              "title": "Verify field Password",
              "fullTitle": "Header Buttons Visibility Verify field Password",
              "timedOut": null,
              "duration": 2457,
              "state": "passed",
              "speed": "fast",
              "pass": true,
              "fail": false,
              "pending": false,
              "context": null,
              "code": "cy.get('.btn-primary').should('be.visible').click();\ncy.get('#signupPassword').as('signPassword');\n// For empty field error - \"Password required\"\ncy.get('@signPassword').should('be.empty').click();\ncy.get('.modal-content .modal-footer').should('be.visible').click();\n// Check that border is red\ncy.get('@signPassword').should('have.css', 'border-color', 'rgb(220, 53, 69)');\ncy.get('.invalid-feedback').as('invalidFeedback');\ncy.get('@invalidFeedback').should('have.text', 'Password required');\n// Wrong data - \"Password has to be from 8 to 15 characters long and contain at least one integer, one capital, and one small letter\"\ncy.get('@signPassword').type('1ab2cdA');\ncy.get('@invalidFeedback').should('have.text', 'Password has to be from 8 to 15 characters long and contain at least one integer, one capital, and one small letter');\ncy.get('@signPassword').clear();\ncy.get('@signPassword').type('1ab2cdA8913Ac06C');\ncy.get('@invalidFeedback').should('have.text', 'Password has to be from 8 to 15 characters long and contain at least one integer, one capital, and one small letter');\ncy.get('@signPassword').clear();\ncy.get('@signPassword').type('12345a789111111');\ncy.get('@invalidFeedback').should('have.text', 'Password has to be from 8 to 15 characters long and contain at least one integer, one capital, and one small letter');\ncy.get('@signPassword').clear();\ncy.get('@signPassword').type('12345A789111111');\ncy.get('@invalidFeedback').should('have.text', 'Password has to be from 8 to 15 characters long and contain at least one integer, one capital, and one small letter');\ncy.get('@signPassword').clear();",
              "err": {},
              "uuid": "e44057c0-203c-47f0-b77b-7567743c3169",
              "parentUUID": "856dccb1-a742-40da-b156-f01f23ff93d4",
              "isHook": false,
              "skipped": false
            },
            {
              "title": "Verify Field Re-enter password",
              "fullTitle": "Header Buttons Visibility Verify Field Re-enter password",
              "timedOut": null,
              "duration": 1809,
              "state": "passed",
              "speed": "fast",
              "pass": true,
              "fail": false,
              "pending": false,
              "context": null,
              "code": "cy.get('.btn-primary').should('be.visible').click();\ncy.get('#signupPassword').as('signPassword');\ncy.get('#signupRepeatPassword').as('signRepeatPassword');\n// For empty field error - \"Password required\"\ncy.get('@signRepeatPassword').should('be.empty').click();\ncy.get('.modal-content .modal-footer').should('be.visible').click();\n// Check that border is red\ncy.get('@signRepeatPassword').should('have.css', 'border-color', 'rgb(220, 53, 69)');\ncy.get('.invalid-feedback').as('invalidFeedback');\ncy.get('@invalidFeedback').should('have.text', 'Re-enter password required');\n// Passwords do not match\ncy.get('@signPassword').type('123A4567c1451');\ncy.get('@signRepeatPassword').type('123A4567c1452');\ncy.get('@invalidFeedback').should('have.text', 'Passwords do not match');",
              "err": {},
              "uuid": "c297b78d-5f7e-471d-9f16-0ba32de08be3",
              "parentUUID": "856dccb1-a742-40da-b156-f01f23ff93d4",
              "isHook": false,
              "skipped": false
            },
            {
              "title": "Verify Button Register",
              "fullTitle": "Header Buttons Visibility Verify Button Register",
              "timedOut": null,
              "duration": 2565,
              "state": "passed",
              "speed": "fast",
              "pass": true,
              "fail": false,
              "pending": false,
              "context": null,
              "code": "cy.get('.btn-primary').should('be.visible').click();\ncy.get('#signupName').type('Kirill', {\n  sensitive: true\n});\ncy.get('#signupLastName').type('Plotnikov');\ncy.get('#signupEmail').type('Kirillplotnikov' + getRandomNumber() + '@gmail.com', {\n  sensitive: true\n});\ncy.get('#signupPassword').type('123A4567c1451');\ncy.get('#signupRepeatPassword').type('123A4567c1451');\ncy.get('.modal-content [class=\"btn btn-primary\"]').should('be.visible').click();",
              "err": {},
              "uuid": "d02fb308-f012-48d0-9a1d-ea9d2058ce3a",
              "parentUUID": "856dccb1-a742-40da-b156-f01f23ff93d4",
              "isHook": false,
              "skipped": false
            },
            {
              "title": "Verify Button Register disabling",
              "fullTitle": "Header Buttons Visibility Verify Button Register disabling",
              "timedOut": null,
              "duration": 1045,
              "state": "passed",
              "speed": "fast",
              "pass": true,
              "fail": false,
              "pending": false,
              "context": null,
              "code": "cy.get('.btn-primary').should('be.visible').click();\ncy.get('#signupName').as('singName');\n// Empty field - \"Name is required\"\ncy.get('@singName').should('be.empty').click();\ncy.get('.modal-content .modal-footer').should('be.visible').click();\ncy.get('[class=\"btn btn-primary\"]').should('be.disabled');",
              "err": {},
              "uuid": "05b5b0e0-39e7-4ebc-98d5-ea747fecfe40",
              "parentUUID": "856dccb1-a742-40da-b156-f01f23ff93d4",
              "isHook": false,
              "skipped": false
            },
            {
              "title": "Log in with custom function",
              "fullTitle": "Header Buttons Visibility Log in with custom function",
              "timedOut": null,
              "duration": 1743,
              "state": "passed",
              "speed": "fast",
              "pass": true,
              "fail": false,
              "pending": false,
              "context": null,
              "code": "cy.get('.header_signin').should('be.visible').click();\ncy.login('Kirillplotnikov@gmail.com', '123A4567c1451');",
              "err": {},
              "uuid": "0205fa9a-ef62-41a1-ab89-b0cc75de1b67",
              "parentUUID": "856dccb1-a742-40da-b156-f01f23ff93d4",
              "isHook": false,
              "skipped": false
            }
          ],
          "suites": [],
          "passes": [
            "0b4141bd-80ee-4775-a204-05bae25a2bc0",
            "b34e9022-5f93-4fd7-90c1-2dd7905f8454",
            "fdc17028-ad8e-489f-b744-c5fe2cd42bdb",
            "e44057c0-203c-47f0-b77b-7567743c3169",
            "c297b78d-5f7e-471d-9f16-0ba32de08be3",
            "d02fb308-f012-48d0-9a1d-ea9d2058ce3a",
            "05b5b0e0-39e7-4ebc-98d5-ea747fecfe40",
            "0205fa9a-ef62-41a1-ab89-b0cc75de1b67"
          ],
          "failures": [],
          "pending": [],
          "skipped": [],
          "duration": 17968,
          "root": false,
          "rootEmpty": false,
          "_timeout": 2000
        }
      ],
      "passes": [],
      "failures": [],
      "pending": [],
      "skipped": [],
      "duration": 0,
      "root": true,
      "rootEmpty": true,
      "_timeout": 2000
    }
  ],
  "meta": {
    "mocha": {
      "version": "7.2.0"
    },
    "mochawesome": {
      "options": {
        "quiet": false,
        "reportFilename": "mochawesome",
        "saveHtml": true,
        "saveJson": true,
        "consoleReporter": "spec",
        "useInlineDiffs": false,
        "code": true
      },
      "version": "7.1.3"
    },
    "marge": {
      "options": {
        "overwrite": false,
        "html": true,
        "json": true
      },
      "version": "6.2.0"
    }
  }
}