{
  "stats": {
    "suites": 1,
    "tests": 8,
    "passes": 8,
    "pending": 0,
    "failures": 0,
    "start": "2025-07-13T15:44:34.282Z",
    "end": "2025-07-13T15:44:58.417Z",
    "duration": 24135,
    "testsRegistered": 8,
    "passPercent": 100,
    "pendingPercent": 0,
    "other": 0,
    "hasOther": false,
    "skipped": 0,
    "hasSkipped": false
  },
  "results": [
    {
      "uuid": "7bfacba0-e0fc-4e6b-983a-5108653a39cc",
      "title": "",
      "fullFile": "cypress/e2e/hw2.cy.js",
      "file": "cypress/e2e/hw2.cy.js",
      "beforeHooks": [],
      "afterHooks": [],
      "tests": [],
      "suites": [
        {
          "uuid": "e310b4d2-592a-4163-82f2-4c8203ff8082",
          "title": "Header Buttons Visibility",
          "fullFile": "",
          "file": "",
          "beforeHooks": [],
          "afterHooks": [],
          "tests": [
            {
              "title": "Verify field Name",
              "fullTitle": "Header Buttons Visibility Verify field Name",
              "timedOut": null,
              "duration": 5984,
              "state": "passed",
              "speed": "medium",
              "pass": true,
              "fail": false,
              "pending": false,
              "context": null,
              "code": "cy.get('.btn-primary').should('be.visible').click();\ncy.get('#signupName').as('singName');\n// Empty field - \"Name is required\"\ncy.get('@singName').should('be.empty').click();\ncy.get('.modal-content .modal-footer').should('be.visible').click();\n// Check that border is red\ncy.get('@singName').should('have.css', 'border-color', 'rgb(220, 53, 69)');\ncy.get('.invalid-feedback').as('invalidFeedback');\ncy.get('@invalidFeedback').should('have.text', 'Name required');\n// Wrong data - \"Name is invalid\"\ncy.get('@singName').type('Помилкові дані');\ncy.get('@invalidFeedback').should('have.text', 'Name is invalid');\ncy.get('@singName').clear();\ncy.get('@singName').type('13124!!#)%#');\ncy.get('@invalidFeedback').should('have.text', 'Name is invalid');\ncy.get('@singName').clear();\ncy.get('@singName').type('A');\n// Wrong length - \"Name has to be from 2 to 20 characters long\"\ncy.get('@invalidFeedback').should('have.text', 'Name has to be from 2 to 20 characters long');\ncy.get('@singName').clear();\ncy.get('@singName').type('aaaaaaaaaaaaaaaaaaaaa');\ncy.get('@invalidFeedback').should('have.text', 'Name has to be from 2 to 20 characters long');",
              "err": {},
              "uuid": "f733c1fd-98df-4ee9-8c0f-5a2e47bb1b43",
              "parentUUID": "e310b4d2-592a-4163-82f2-4c8203ff8082",
              "isHook": false,
              "skipped": false
            },
            {
              "title": "Verify field LastName",
              "fullTitle": "Header Buttons Visibility Verify field LastName",
              "timedOut": null,
              "duration": 2813,
              "state": "passed",
              "speed": "fast",
              "pass": true,
              "fail": false,
              "pending": false,
              "context": null,
              "code": "cy.get('.btn-primary').should('be.visible').click();\ncy.get('#signupLastName').as('lastName');\n// Empty field - \"Last name is required\"\ncy.get('@lastName').should('be.empty').click();\ncy.get('.modal-content .modal-footer').should('be.visible').click();\n// Check that border is red\ncy.get('@lastName').should('have.css', 'border-color', 'rgb(220, 53, 69)');\ncy.get('.invalid-feedback').as('invalidFeedback');\ncy.get('@invalidFeedback').should('have.text', 'Last name required');\n// Wrong data - \"Last name is invalid\"\ncy.get('@lastName').type('Тест');\ncy.get('@invalidFeedback').should('have.text', 'Last name is invalid');\ncy.get('@lastName').clear();\ncy.get('@lastName').type('167!#($#@!');\ncy.get('@invalidFeedback').should('have.text', 'Last name is invalid');\ncy.get('@lastName').clear();\ncy.get('@lastName').type('B');\n// Wrong length - \"Last name has to be from 2 to 20 characters long\"\ncy.get('@invalidFeedback').should('have.text', 'Last name has to be from 2 to 20 characters long');\ncy.get('@lastName').clear();\ncy.get('@lastName').type('testtesttesttesttesttesttest');\ncy.get('@invalidFeedback').should('have.text', 'Last name has to be from 2 to 20 characters long');",
              "err": {},
              "uuid": "de665ed5-bf58-4683-8d80-1f285af186e0",
              "parentUUID": "e310b4d2-592a-4163-82f2-4c8203ff8082",
              "isHook": false,
              "skipped": false
            },
            {
              "title": "Verify field Email",
              "fullTitle": "Header Buttons Visibility Verify field Email",
              "timedOut": null,
              "duration": 2057,
              "state": "passed",
              "speed": "fast",
              "pass": true,
              "fail": false,
              "pending": false,
              "context": null,
              "code": "cy.get('.btn-primary').should('be.visible').click();\ncy.get('#signupEmail').as('singEmail');\n// For empty field - \"Email required\"\ncy.get('@singEmail').should('be.empty').click();\ncy.get('.modal-content .modal-footer').should('be.visible').click();\n// Check that border is red\ncy.get('@singEmail').should('have.css', 'border-color', 'rgb(220, 53, 69)');\ncy.get('.invalid-feedback').as('invalidFeedback');\ncy.get('@invalidFeedback').should('have.text', 'Email required');\n// Wrong data - \"Email is incorrect\"\ncy.get('@singEmail').type('Тест пошти');\ncy.get('@invalidFeedback').should('have.text', 'Email is incorrect');\ncy.get('@singEmail').clear();\ncy.get('@singEmail').type('afwa214214@!$');\ncy.get('@invalidFeedback').should('have.text', 'Email is incorrect');\ncy.get('@singEmail').clear();\ncy.get('@singEmail').type('C');",
              "err": {},
              "uuid": "dc3dd3d9-6fce-438a-977b-dcd159e9f14d",
              "parentUUID": "e310b4d2-592a-4163-82f2-4c8203ff8082",
              "isHook": false,
              "skipped": false
            },
            {
              "title": "Verify field Password",
              "fullTitle": "Header Buttons Visibility Verify field Password",
              "timedOut": null,
              "duration": 2740,
              "state": "passed",
              "speed": "fast",
              "pass": true,
              "fail": false,
              "pending": false,
              "context": null,
              "code": "cy.get('.btn-primary').should('be.visible').click();\ncy.get('#signupPassword').as('signPassword');\n// For empty field error - \"Password required\"\ncy.get('@signPassword').should('be.empty').click();\ncy.get('.modal-content .modal-footer').should('be.visible').click();\n// Check that border is red\ncy.get('@signPassword').should('have.css', 'border-color', 'rgb(220, 53, 69)');\ncy.get('.invalid-feedback').as('invalidFeedback');\ncy.get('@invalidFeedback').should('have.text', 'Password required');\n// Wrong data - \"Password has to be from 8 to 15 characters long and contain at least one integer, one capital, and one small letter\"\ncy.get('@signPassword').type('1ab2cdA');\ncy.get('@invalidFeedback').should('have.text', 'Password has to be from 8 to 15 characters long and contain at least one integer, one capital, and one small letter');\ncy.get('@signPassword').clear();\ncy.get('@signPassword').type('1ab2cdA8913Ac06C');\ncy.get('@invalidFeedback').should('have.text', 'Password has to be from 8 to 15 characters long and contain at least one integer, one capital, and one small letter');\ncy.get('@signPassword').clear();\ncy.get('@signPassword').type('12345a789111111');\ncy.get('@invalidFeedback').should('have.text', 'Password has to be from 8 to 15 characters long and contain at least one integer, one capital, and one small letter');\ncy.get('@signPassword').clear();\ncy.get('@signPassword').type('12345A789111111');\ncy.get('@invalidFeedback').should('have.text', 'Password has to be from 8 to 15 characters long and contain at least one integer, one capital, and one small letter');\ncy.get('@signPassword').clear();",
              "err": {},
              "uuid": "9494795c-d5f4-4c3d-b0fa-253851d44cf9",
              "parentUUID": "e310b4d2-592a-4163-82f2-4c8203ff8082",
              "isHook": false,
              "skipped": false
            },
            {
              "title": "Verify Field Re-enter password",
              "fullTitle": "Header Buttons Visibility Verify Field Re-enter password",
              "timedOut": null,
              "duration": 1840,
              "state": "passed",
              "speed": "fast",
              "pass": true,
              "fail": false,
              "pending": false,
              "context": null,
              "code": "cy.get('.btn-primary').should('be.visible').click();\ncy.get('#signupPassword').as('signPassword');\ncy.get('#signupRepeatPassword').as('signRepeatPassword');\n// For empty field error - \"Password required\"\ncy.get('@signRepeatPassword').should('be.empty').click();\ncy.get('.modal-content .modal-footer').should('be.visible').click();\n// Check that border is red\ncy.get('@signRepeatPassword').should('have.css', 'border-color', 'rgb(220, 53, 69)');\ncy.get('.invalid-feedback').as('invalidFeedback');\ncy.get('@invalidFeedback').should('have.text', 'Re-enter password required');\n// Passwords do not match\ncy.get('@signPassword').type('123A4567c1451');\ncy.get('@signRepeatPassword').type('123A4567c1452');\ncy.get('@invalidFeedback').should('have.text', 'Passwords do not match');",
              "err": {},
              "uuid": "bb68e26a-9e51-4ba8-a9a0-33d30e4a559d",
              "parentUUID": "e310b4d2-592a-4163-82f2-4c8203ff8082",
              "isHook": false,
              "skipped": false
            },
            {
              "title": "Verify Button Register",
              "fullTitle": "Header Buttons Visibility Verify Button Register",
              "timedOut": null,
              "duration": 2640,
              "state": "passed",
              "speed": "fast",
              "pass": true,
              "fail": false,
              "pending": false,
              "context": null,
              "code": "cy.get('.btn-primary').should('be.visible').click();\ncy.get('#signupName').type('Kirill', {\n  sensitive: true\n});\ncy.get('#signupLastName').type('Plotnikov');\ncy.get('#signupEmail').type('Kirillplotnikov' + getRandomNumber() + '@gmail.com', {\n  sensitive: true\n});\ncy.get('#signupPassword').type('123A4567c1451');\ncy.get('#signupRepeatPassword').type('123A4567c1451');\ncy.get('.modal-content [class=\"btn btn-primary\"]').should('be.visible').click();",
              "err": {},
              "uuid": "1b1d4b07-704d-4ec9-9294-4a74d788e815",
              "parentUUID": "e310b4d2-592a-4163-82f2-4c8203ff8082",
              "isHook": false,
              "skipped": false
            },
            {
              "title": "Verify Button Register disabling",
              "fullTitle": "Header Buttons Visibility Verify Button Register disabling",
              "timedOut": null,
              "duration": 1150,
              "state": "passed",
              "speed": "fast",
              "pass": true,
              "fail": false,
              "pending": false,
              "context": null,
              "code": "cy.get('.btn-primary').should('be.visible').click();\ncy.get('#signupName').as('singName');\n// Empty field - \"Name is required\"\ncy.get('@singName').should('be.empty').click();\ncy.get('.modal-content .modal-footer').should('be.visible').click();\ncy.get('[class=\"btn btn-primary\"]').should('be.disabled');",
              "err": {},
              "uuid": "108c4e72-50bc-4aec-b08e-1fdf2841f933",
              "parentUUID": "e310b4d2-592a-4163-82f2-4c8203ff8082",
              "isHook": false,
              "skipped": false
            },
            {
              "title": "Log in with custom function",
              "fullTitle": "Header Buttons Visibility Log in with custom function",
              "timedOut": null,
              "duration": 1760,
              "state": "passed",
              "speed": "fast",
              "pass": true,
              "fail": false,
              "pending": false,
              "context": null,
              "code": "cy.get('.header_signin').should('be.visible').click();\ncy.login('Kirillplotnikov@gmail.com', '123A4567c1451');",
              "err": {},
              "uuid": "491ca49e-9792-42cf-95b9-03dfc9fea153",
              "parentUUID": "e310b4d2-592a-4163-82f2-4c8203ff8082",
              "isHook": false,
              "skipped": false
            }
          ],
          "suites": [],
          "passes": [
            "f733c1fd-98df-4ee9-8c0f-5a2e47bb1b43",
            "de665ed5-bf58-4683-8d80-1f285af186e0",
            "dc3dd3d9-6fce-438a-977b-dcd159e9f14d",
            "9494795c-d5f4-4c3d-b0fa-253851d44cf9",
            "bb68e26a-9e51-4ba8-a9a0-33d30e4a559d",
            "1b1d4b07-704d-4ec9-9294-4a74d788e815",
            "108c4e72-50bc-4aec-b08e-1fdf2841f933",
            "491ca49e-9792-42cf-95b9-03dfc9fea153"
          ],
          "failures": [],
          "pending": [],
          "skipped": [],
          "duration": 20984,
          "root": false,
          "rootEmpty": false,
          "_timeout": 2000
        }
      ],
      "passes": [],
      "failures": [],
      "pending": [],
      "skipped": [],
      "duration": 0,
      "root": true,
      "rootEmpty": true,
      "_timeout": 2000
    }
  ],
  "meta": {
    "mocha": {
      "version": "7.2.0"
    },
    "mochawesome": {
      "options": {
        "quiet": false,
        "reportFilename": "mochawesome",
        "saveHtml": false,
        "saveJson": true,
        "consoleReporter": "spec",
        "useInlineDiffs": false,
        "code": true
      },
      "version": "7.1.3"
    },
    "marge": {
      "options": {
        "overwrite": false,
        "html": false,
        "json": true
      },
      "version": "6.2.0"
    }
  }
}